<?xml version="1.0" encoding="UTF-8"?>
<!-- Generated by org.testng.reporters.JUnitReportReporter -->
<testsuite skipped="0" hostname="DESKTOP-KFO17RS" name="com.ip.crm.TestBase" tests="2" failures="0" timestamp="14 Dec 2020 20:30:40 GMT" time="13.236" errors="0">
  <testcase name="home" time="11.050" classname="com.ip.crm.TestBase"/>
  <testcase name="logout" time="2.186" classname="com.ip.crm.TestBase"/>
</testsuite> <!-- com.ip.crm.TestBase -->
